<?xml version="1.0" encoding="utf-8"?>
<shfbBuild product="Sandcastle Help File Builder" version="2015.1.12.0" projectFile="C:\Users\Zach\Documents\Code\SpreadSheet\Spreadsheet.shfbproj" started="3/24/2015 4:48:19 PM">
<buildStep step="Initializing">
Finding tools...
The Sandcastle tools are located in &#39;C:\Program Files (x86)\EWSoftware\Sandcastle Help File Builder\&#39;
Locating components in the following folder(s):
   C:\Users\Zach\Documents\Code\SpreadSheet
Using presentation style &#39;VS2013&#39; located in &#39;C:\Program Files (x86)\EWSoftware\Sandcastle Help File Builder\PresentationStyles\VS2013&#39;
Loading and initializing plug-ins...
Lightweight Website Style Version 2015.1.12.0
Copyright &#169; 2006-2015, Eric Woodruff, All Rights Reserved
Portions Copyright &#169; 2014, Sam Harwell, All Rights Reserved
</buildStep>
<buildStep step="ValidatingDocumentationSources">
Validating and copying documentation source information
Source: C:\Users\Zach\Documents\Code\SpreadSheet\TinySpreadsheet\TinySpreadsheet\TinySpreadsheet.csproj
    Found project &#39;C:\Users\Zach\Documents\Code\SpreadSheet\TinySpreadsheet\TinySpreadsheet\TinySpreadsheet.csproj&#39;

Parsing project files
    Found assembly &#39;C:\Users\Zach\Documents\Code\SpreadSheet\TinySpreadsheet\TinySpreadsheet\bin\Debug\TinySpreadsheet.exe&#39;

References to include (excluding framework assemblies):
    None

Copying XML comments files
    C:\Users\Zach\Documents\Code\SpreadSheet\TinySpreadsheet\TinySpreadsheet\bin\Debug\TinySpreadsheet.XML -&gt; C:\Users\Zach\Documents\Code\SpreadSheet\Help\Working\TinySpreadsheet.XML
</buildStep>
<buildStep step="GenerateSharedContent">
Generating shared content files (en-US, English (United States))...
<plugIn name="Lightweight Website Style" behavior="After" priority="1000">
</plugIn>    Last step completed in 00:00:00.0595
</buildStep>
<buildStep step="GenerateApiFilter">
Generating API filter for MRefBuilder...
    Last step completed in 00:00:00.0030
</buildStep>
<buildStep step="GenerateReflectionInfo">
Generating reflection information...
[C:\Windows\Microsoft.NET\Framework64\v4.0.30319\MSBuild.exe]
Build started 3/24/2015 4:48:20 PM.
Project &quot;C:\Users\Zach\Documents\Code\SpreadSheet\Help\Working\GenerateRefInfo.proj&quot; on node 1 (default targets).
PrepareForBuild:
  Creating directory &quot;obj\Debug\&quot;.
GenerateRefInfo:
  MRefBuilder (v2015.1.12.0)
  Copyright c 2006-2015, Microsoft Corporation, All Rights Reserved.
  Portions Copyright c 2006-2014, Eric Woodruff, All Rights Reserved.
  Loaded 1 assemblies for reflection and 1 dependency assemblies.
  Wrote information on 3 namespaces, 12 types, and 83 members
  Copying file from &quot;reflection.org&quot; to &quot;reflection.all&quot;.
  XslTransform (v2015.1.12.0)
  Copyright c 2006-2015, Microsoft Corporation, All Rights Reserved.
  Portions Copyright c 2006-2014, Eric Woodruff, All Rights Reserved.
  Applying XSL transformation &#39;C:\Program Files (x86)\EWSoftware\Sandcastle Help File Builder\ProductionTransforms\MergeDuplicates.xsl&#39;.
Done Building Project &quot;C:\Users\Zach\Documents\Code\SpreadSheet\Help\Working\GenerateRefInfo.proj&quot; (default targets).

Build succeeded.

Time Elapsed 00:00:00.93
    Last step completed in 00:00:01.1070
</buildStep>
<buildStep step="TransformReflectionInfo">
Transforming reflection output...
[C:\Windows\Microsoft.NET\Framework64\v4.0.30319\MSBuild.exe]
Build started 3/24/2015 4:48:21 PM.
Project &quot;C:\Users\Zach\Documents\Code\SpreadSheet\Help\Working\TransformManifest.proj&quot; on node 1 (default targets).
TransformManifest:
  XslTransform (v2015.1.12.0)
  Copyright c 2006-2015, Microsoft Corporation, All Rights Reserved.
  Portions Copyright c 2006-2014, Eric Woodruff, All Rights Reserved.
  Applying XSL transformation &#39;C:\Program Files (x86)\EWSoftware\Sandcastle Help File Builder\\ProductionTransforms\ApplyVSDocModel.xsl&#39;.
  Copying file from &quot;reflection.xml&quot; to &quot;reflection.nofilenames&quot;.
  XslTransform (v2015.1.12.0)
  Copyright c 2006-2015, Microsoft Corporation, All Rights Reserved.
  Portions Copyright c 2006-2014, Eric Woodruff, All Rights Reserved.
  Applying XSL transformation &#39;C:\Program Files (x86)\EWSoftware\Sandcastle Help File Builder\ProductionTransforms\AddFilenames.xsl&#39;.
  XslTransform (v2015.1.12.0)
  Copyright c 2006-2015, Microsoft Corporation, All Rights Reserved.
  Portions Copyright c 2006-2014, Eric Woodruff, All Rights Reserved.
  Applying XSL transformation &#39;C:\Program Files (x86)\EWSoftware\Sandcastle Help File Builder\ProductionTransforms\ReflectionToManifest.xsl&#39;.
Done Building Project &quot;C:\Users\Zach\Documents\Code\SpreadSheet\Help\Working\TransformManifest.proj&quot; (default targets).

Build succeeded.

Time Elapsed 00:00:00.56
    Last step completed in 00:00:00.6795
</buildStep>
<buildStep step="GenerateNamespaceSummaries">
Generating namespace summary information...
    Last step completed in 00:00:00.0210
</buildStep>
<buildStep step="CopyAdditionalContent">
Copying additional content files...
No additional content to copy
    Last step completed in 00:00:00.0040
</buildStep>
<buildStep step="MergeTablesOfContents">
Merging conceptual and additional tables of contents...
    Last step completed in 00:00:00.0020
</buildStep>
<buildStep step="GenerateIntermediateTableOfContents">
Generating intermediate table of contents file...
[C:\Windows\Microsoft.NET\Framework64\v4.0.30319\MSBuild.exe]
Build started 3/24/2015 4:48:22 PM.
Project &quot;C:\Users\Zach\Documents\Code\SpreadSheet\Help\Working\GenerateIntermediateTOC.proj&quot; on node 1 (default targets).
GenerateIntermediateTOC:
  XslTransform (v2015.1.12.0)
  Copyright c 2006-2015, Microsoft Corporation, All Rights Reserved.
  Portions Copyright c 2006-2014, Eric Woodruff, All Rights Reserved.
  Applying XSL transformation &#39;C:\Program Files (x86)\EWSoftware\Sandcastle Help File Builder\\ProductionTransforms\CreateVSToc.xsl&#39;.
Done Building Project &quot;C:\Users\Zach\Documents\Code\SpreadSheet\Help\Working\GenerateIntermediateTOC.proj&quot; (default targets).

Build succeeded.

Time Elapsed 00:00:00.13
Generating conceptual content intermediate TOC file...
    Last step completed in 00:00:00.2529
</buildStep>
<buildStep step="CreateBuildAssemblerConfigs">
Creating Sandcastle configuration files...
    sandcastle.config
    Last step completed in 00:00:00.1691
</buildStep>
<buildStep step="MergeCustomConfigs">
Merging custom build component configurations
C:\Users\Zach\Documents\Code\SpreadSheet\Help\Working\sandcastle.config
    Last step completed in 00:00:00.0300
</buildStep>
<buildStep step="BuildReferenceTopics">
Building reference help topics...
[C:\Windows\Microsoft.NET\Framework64\v4.0.30319\MSBuild.exe]
Build started 3/24/2015 4:48:22 PM.
Project &quot;C:\Users\Zach\Documents\Code\SpreadSheet\Help\Working\BuildReferenceTopics.proj&quot; on node 1 (default targets).
BuildReferenceTopics:
  BuildAssembler (v2015.1.12.0)
  Copyright c 2006-2015, Microsoft Corporation, All Rights Reserved.
  Portions Copyright c 2006-2014, Eric Woodruff, All Rights Reserved.
  Loading configuration...
  Processing topics...
BuildAssembler : warning : ShowMissingComponent: [F:TinySpreadsheet.Cell._contentLoaded] Missing &lt;summary&gt; documentation [C:\Users\Zach\Documents\Code\SpreadSheet\Help\Working\BuildReferenceTopics.proj]
BuildAssembler : warning : ShowMissingComponent: [M:TinySpreadsheet.Cell.Cell_MouseDoubleClick(System.Object,System.Windows.Input.MouseButtonEventArgs)] Missing &lt;summary&gt; documentation [C:\Users\Zach\Documents\Code\SpreadSheet\Help\Working\BuildReferenceTopics.proj]
BuildAssembler : warning : ShowMissingComponent: [M:TinySpreadsheet.Cell.Cell_MouseDoubleClick(System.Object,System.Windows.Input.MouseButtonEventArgs)] Missing &lt;param name=&quot;sender&quot;/&gt; documentation [C:\Users\Zach\Documents\Code\SpreadSheet\Help\Working\BuildReferenceTopics.proj]
BuildAssembler : warning : ShowMissingComponent: [M:TinySpreadsheet.Cell.Cell_MouseDoubleClick(System.Object,System.Windows.Input.MouseButtonEventArgs)] Missing &lt;param name=&quot;e&quot;/&gt; documentation [C:\Users\Zach\Documents\Code\SpreadSheet\Help\Working\BuildReferenceTopics.proj]
BuildAssembler : warning : ShowMissingComponent: [F:TinySpreadsheet.Cell.CellText] Missing &lt;summary&gt; documentation [C:\Users\Zach\Documents\Code\SpreadSheet\Help\Working\BuildReferenceTopics.proj]
BuildAssembler : warning : ShowMissingComponent: [M:TinySpreadsheet.Cell.CellText_GotFocus(System.Object,System.Windows.RoutedEventArgs)] Missing &lt;summary&gt; documentation [C:\Users\Zach\Documents\Code\SpreadSheet\Help\Working\BuildReferenceTopics.proj]
BuildAssembler : warning : ShowMissingComponent: [M:TinySpreadsheet.Cell.CellText_GotFocus(System.Object,System.Windows.RoutedEventArgs)] Missing &lt;param name=&quot;sender&quot;/&gt; documentation [C:\Users\Zach\Documents\Code\SpreadSheet\Help\Working\BuildReferenceTopics.proj]
BuildAssembler : warning : ShowMissingComponent: [M:TinySpreadsheet.Cell.CellText_GotFocus(System.Object,System.Windows.RoutedEventArgs)] Missing &lt;param name=&quot;e&quot;/&gt; documentation [C:\Users\Zach\Documents\Code\SpreadSheet\Help\Working\BuildReferenceTopics.proj]
BuildAssembler : warning : ShowMissingComponent: [M:TinySpreadsheet.Cell.CellText_KeyDown(System.Object,System.Windows.Input.KeyEventArgs)] Missing &lt;summary&gt; documentation [C:\Users\Zach\Documents\Code\SpreadSheet\Help\Working\BuildReferenceTopics.proj]
BuildAssembler : warning : ShowMissingComponent: [M:TinySpreadsheet.Cell.CellText_KeyDown(System.Object,System.Windows.Input.KeyEventArgs)] Missing &lt;param name=&quot;sender&quot;/&gt; documentation [C:\Users\Zach\Documents\Code\SpreadSheet\Help\Working\BuildReferenceTopics.proj]
BuildAssembler : warning : ShowMissingComponent: [M:TinySpreadsheet.Cell.CellText_KeyDown(System.Object,System.Windows.Input.KeyEventArgs)] Missing &lt;param name=&quot;e&quot;/&gt; documentation [C:\Users\Zach\Documents\Code\SpreadSheet\Help\Working\BuildReferenceTopics.proj]
BuildAssembler : warning : ShowMissingComponent: [M:TinySpreadsheet.Cell.CellText_LostFocus(System.Object,System.Windows.RoutedEventArgs)] Missing &lt;summary&gt; documentation [C:\Users\Zach\Documents\Code\SpreadSheet\Help\Working\BuildReferenceTopics.proj]
BuildAssembler : warning : ShowMissingComponent: [M:TinySpreadsheet.Cell.CellText_LostFocus(System.Object,System.Windows.RoutedEventArgs)] Missing &lt;param name=&quot;sender&quot;/&gt; documentation [C:\Users\Zach\Documents\Code\SpreadSheet\Help\Working\BuildReferenceTopics.proj]
BuildAssembler : warning : ShowMissingComponent: [M:TinySpreadsheet.Cell.CellText_LostFocus(System.Object,System.Windows.RoutedEventArgs)] Missing &lt;param name=&quot;e&quot;/&gt; documentation [C:\Users\Zach\Documents\Code\SpreadSheet\Help\Working\BuildReferenceTopics.proj]
BuildAssembler : warning : ShowMissingComponent: [F:TinySpreadsheet.Cell.Changed] Missing &lt;summary&gt; documentation [C:\Users\Zach\Documents\Code\SpreadSheet\Help\Working\BuildReferenceTopics.proj]
BuildAssembler : warning : ShowMissingComponent: [M:TinySpreadsheet.Cell.DependencyChanged(TinySpreadsheet.Cell)] Missing &lt;summary&gt; documentation [C:\Users\Zach\Documents\Code\SpreadSheet\Help\Working\BuildReferenceTopics.proj]
BuildAssembler : warning : ShowMissingComponent: [M:TinySpreadsheet.Cell.DependencyChanged(TinySpreadsheet.Cell)] Missing &lt;param name=&quot;sender&quot;/&gt; documentation [C:\Users\Zach\Documents\Code\SpreadSheet\Help\Working\BuildReferenceTopics.proj]
BuildAssembler : warning : ShowMissingComponent: [M:TinySpreadsheet.Cell.IChanged] Missing &lt;summary&gt; documentation [C:\Users\Zach\Documents\Code\SpreadSheet\Help\Working\BuildReferenceTopics.proj]
BuildAssembler : warning : ShowMissingComponent: [F:TinySpreadsheet.Cell.listParent] Missing &lt;summary&gt; documentation [C:\Users\Zach\Documents\Code\SpreadSheet\Help\Working\BuildReferenceTopics.proj]
BuildAssembler : warning : ShowMissingComponent: [F:TinySpreadsheet.Column._contentLoaded] Missing &lt;summary&gt; documentation [C:\Users\Zach\Documents\Code\SpreadSheet\Help\Working\BuildReferenceTopics.proj]
BuildAssembler : warning : ShowMissingComponent: [F:TinySpreadsheet.Column.CellColumn] Missing &lt;summary&gt; documentation [C:\Users\Zach\Documents\Code\SpreadSheet\Help\Working\BuildReferenceTopics.proj]
BuildAssembler : warning : ShowMissingComponent: [F:TinySpreadsheet.Column.cells] Missing &lt;summary&gt; documentation [C:\Users\Zach\Documents\Code\SpreadSheet\Help\Working\BuildReferenceTopics.proj]
BuildAssembler : warning : ShowMissingComponent: [P:TinySpreadsheet.Column.Item(System.Int32)] Missing &lt;summary&gt; documentation [C:\Users\Zach\Documents\Code\SpreadSheet\Help\Working\BuildReferenceTopics.proj]
BuildAssembler : warning : ShowMissingComponent: [M:TinySpreadsheet.Extensions.Append(System.Collections.Generic.Queue{TinySpreadsheet.Tokenize.FormulaToken},System.Collections.Generic.Queue{TinySpreadsheet.Tokenize.FormulaToken})] Missing &lt;param name=&quot;q&quot;/&gt; documentation [C:\Users\Zach\Documents\Code\SpreadSheet\Help\Working\BuildReferenceTopics.proj]
BuildAssembler : warning : ShowMissingComponent: [M:TinySpreadsheet.Extensions.Clear(System.Text.StringBuilder)] Missing &lt;param name=&quot;value&quot;/&gt; documentation [C:\Users\Zach\Documents\Code\SpreadSheet\Help\Working\BuildReferenceTopics.proj]
BuildAssembler : warning : ShowMissingComponent: [M:TinySpreadsheet.Extensions.isEmpty(System.Collections.Generic.Stack{TinySpreadsheet.Tokenize.FormulaToken})] Missing &lt;param name=&quot;s&quot;/&gt; documentation [C:\Users\Zach\Documents\Code\SpreadSheet\Help\Working\BuildReferenceTopics.proj]
BuildAssembler : warning : ShowMissingComponent: [M:TinySpreadsheet.Extensions.Slice(System.String,System.Int32,System.Int32)] Missing &lt;param name=&quot;source&quot;/&gt; documentation [C:\Users\Zach\Documents\Code\SpreadSheet\Help\Working\BuildReferenceTopics.proj]
BuildAssembler : warning : ShowMissingComponent: [F:TinySpreadsheet.Formula.alphaNum] Missing &lt;summary&gt; documentation [C:\Users\Zach\Documents\Code\SpreadSheet\Help\Working\BuildReferenceTopics.proj]
BuildAssembler : warning : ShowMissingComponent: [F:TinySpreadsheet.Formula.rgx] Missing &lt;summary&gt; documentation [C:\Users\Zach\Documents\Code\SpreadSheet\Help\Working\BuildReferenceTopics.proj]
BuildAssembler : warning : ShowMissingComponent: [F:TinySpreadsheet.MainWindow._contentLoaded] Missing &lt;summary&gt; documentation [C:\Users\Zach\Documents\Code\SpreadSheet\Help\Working\BuildReferenceTopics.proj]
BuildAssembler : warning : ShowMissingComponent: [F:TinySpreadsheet.MainWindow.Columns] Missing &lt;summary&gt; documentation [C:\Users\Zach\Documents\Code\SpreadSheet\Help\Working\BuildReferenceTopics.proj]
BuildAssembler : warning : ShowMissingComponent: [F:TinySpreadsheet.MainWindow.RowStack] Missing &lt;summary&gt; documentation [C:\Users\Zach\Documents\Code\SpreadSheet\Help\Working\BuildReferenceTopics.proj]
BuildAssembler : warning : ShowMissingComponent: [F:TinySpreadsheet.styles._contentLoaded] Missing &lt;summary&gt; documentation [C:\Users\Zach\Documents\Code\SpreadSheet\Help\Working\BuildReferenceTopics.proj]
BuildAssembler : warning : ShowMissingComponent: [T:TinySpreadsheet.Dependencies.Dependency] Missing &lt;summary&gt; documentation [C:\Users\Zach\Documents\Code\SpreadSheet\Help\Working\BuildReferenceTopics.proj]
BuildAssembler : warning : ShowMissingComponent: [P:TinySpreadsheet.Dependencies.DependencyMap.Count] Missing &lt;summary&gt; documentation [C:\Users\Zach\Documents\Code\SpreadSheet\Help\Working\BuildReferenceTopics.proj]
BuildAssembler : warning : ShowMissingComponent: [M:TinySpreadsheet.Dependencies.DependencyMap.Finalize] Missing &lt;summary&gt; documentation [C:\Users\Zach\Documents\Code\SpreadSheet\Help\Working\BuildReferenceTopics.proj]
BuildAssembler : warning : ShowMissingComponent: [M:TinySpreadsheet.Dependencies.DependencyMap.Subscribe(System.Action{TinySpreadsheet.Cell})] Missing &lt;returns&gt; documentation [C:\Users\Zach\Documents\Code\SpreadSheet\Help\Working\BuildReferenceTopics.proj]
BuildAssembler : warning : ShowMissingComponent: [F:TinySpreadsheet.Dependencies.DependencyMap.subscribeCallback] Missing &lt;summary&gt; documentation [C:\Users\Zach\Documents\Code\SpreadSheet\Help\Working\BuildReferenceTopics.proj]
BuildAssembler : warning : ShowMissingComponent: [M:TinySpreadsheet.Dependencies.DependencyMap.Unsubscribe] Missing &lt;summary&gt; documentation [C:\Users\Zach\Documents\Code\SpreadSheet\Help\Working\BuildReferenceTopics.proj]
BuildAssembler : warning : ShowMissingComponent: [M:TinySpreadsheet.Tokenize.Tokenizer.isminus(TinySpreadsheet.Tokenize.FormulaToken)] Missing &lt;summary&gt; documentation [C:\Users\Zach\Documents\Code\SpreadSheet\Help\Working\BuildReferenceTopics.proj]
BuildAssembler : warning : ShowMissingComponent: [M:TinySpreadsheet.Tokenize.Tokenizer.isminus(TinySpreadsheet.Tokenize.FormulaToken)] Missing &lt;returns&gt; documentation [C:\Users\Zach\Documents\Code\SpreadSheet\Help\Working\BuildReferenceTopics.proj]
BuildAssembler : warning : ShowMissingComponent: [M:TinySpreadsheet.Tokenize.Tokenizer.isminus(TinySpreadsheet.Tokenize.FormulaToken)] Missing &lt;param name=&quot;token&quot;/&gt; documentation [C:\Users\Zach\Documents\Code\SpreadSheet\Help\Working\BuildReferenceTopics.proj]
BuildAssembler : warning : ShowMissingComponent: [T:TinySpreadsheet.Tokenize.Tokenizer.TokenType] Missing &lt;summary&gt; documentation [C:\Users\Zach\Documents\Code\SpreadSheet\Help\Working\BuildReferenceTopics.proj]
  Processed 118 topic(s)
  43 warning(s)
  CopyFromIndexComponent: &quot;reflection&quot; in-memory cache entries used: 11 of 15.
  CopyFromIndexComponent: &quot;comments&quot; in-memory cache entries used: 2 of 30.
Done Building Project &quot;C:\Users\Zach\Documents\Code\SpreadSheet\Help\Working\BuildReferenceTopics.proj&quot; (default targets).

Build succeeded.

Time Elapsed 00:00:08.45
    Last step completed in 00:00:08.6394
</buildStep>
<buildStep step="CombiningIntermediateTocFiles">
Combining conceptual and API intermediate TOC files...

Clearing any prior web output
    Last step completed in 00:00:00.2282
</buildStep>
<buildStep step="ExtractingHtmlInfo">
Extracting HTML info for HTML Help 1 and/or website...
[C:\Windows\Microsoft.NET\Framework64\v4.0.30319\MSBuild.exe]
Sandcastle Help File Builder, version 2015.1.12.0
Copyright c 2006-2015, Eric Woodruff, All Rights Reserved
E-Mail: Eric@EWoodruff.us

Using LCID &#39;1033&#39;, code page &#39;65001&#39;, encoding charset &#39;UTF-8&#39;.

Processing website files in C:\Users\Zach\Documents\Code\SpreadSheet\Help\Working\Output\Website
Processed 118 HTML files
Sorting keywords and generating See Also indices
Saving website keyword index to C:\Users\Zach\Documents\Code\SpreadSheet\Help\Working\WebKI.xml
Saving website table of contents to C:\Users\Zach\Documents\Code\SpreadSheet\Help\Working\WebTOC.xml
    Last step completed in 00:00:00.8521
</buildStep>
<buildStep step="CopyStandardHelpContent">
Copying standard help content...
C:\Program Files (x86)\EWSoftware\Sandcastle Help File Builder\PresentationStyles\VS2013\icons\AlertCaution.png -&gt; C:\Users\Zach\Documents\Code\SpreadSheet\Help\Working\Output\Website\icons\AlertCaution.png
C:\Program Files (x86)\EWSoftware\Sandcastle Help File Builder\PresentationStyles\VS2013\icons\AlertNote.png -&gt; C:\Users\Zach\Documents\Code\SpreadSheet\Help\Working\Output\Website\icons\AlertNote.png
C:\Program Files (x86)\EWSoftware\Sandcastle Help File Builder\PresentationStyles\VS2013\icons\AlertSecurity.png -&gt; C:\Users\Zach\Documents\Code\SpreadSheet\Help\Working\Output\Website\icons\AlertSecurity.png
C:\Program Files (x86)\EWSoftware\Sandcastle Help File Builder\PresentationStyles\VS2013\icons\CFW.gif -&gt; C:\Users\Zach\Documents\Code\SpreadSheet\Help\Working\Output\Website\icons\CFW.gif
C:\Program Files (x86)\EWSoftware\Sandcastle Help File Builder\PresentationStyles\VS2013\icons\CodeExample.png -&gt; C:\Users\Zach\Documents\Code\SpreadSheet\Help\Working\Output\Website\icons\CodeExample.png
C:\Program Files (x86)\EWSoftware\Sandcastle Help File Builder\PresentationStyles\VS2013\icons\favicon.ico -&gt; C:\Users\Zach\Documents\Code\SpreadSheet\Help\Working\Output\Website\icons\favicon.ico
C:\Program Files (x86)\EWSoftware\Sandcastle Help File Builder\PresentationStyles\VS2013\icons\privclass.gif -&gt; C:\Users\Zach\Documents\Code\SpreadSheet\Help\Working\Output\Website\icons\privclass.gif
C:\Program Files (x86)\EWSoftware\Sandcastle Help File Builder\PresentationStyles\VS2013\icons\privdelegate.gif -&gt; C:\Users\Zach\Documents\Code\SpreadSheet\Help\Working\Output\Website\icons\privdelegate.gif
C:\Program Files (x86)\EWSoftware\Sandcastle Help File Builder\PresentationStyles\VS2013\icons\privenumeration.gif -&gt; C:\Users\Zach\Documents\Code\SpreadSheet\Help\Working\Output\Website\icons\privenumeration.gif
C:\Program Files (x86)\EWSoftware\Sandcastle Help File Builder\PresentationStyles\VS2013\icons\privevent.gif -&gt; C:\Users\Zach\Documents\Code\SpreadSheet\Help\Working\Output\Website\icons\privevent.gif
C:\Program Files (x86)\EWSoftware\Sandcastle Help File Builder\PresentationStyles\VS2013\icons\privextension.gif -&gt; C:\Users\Zach\Documents\Code\SpreadSheet\Help\Working\Output\Website\icons\privextension.gif
C:\Program Files (x86)\EWSoftware\Sandcastle Help File Builder\PresentationStyles\VS2013\icons\privfield.gif -&gt; C:\Users\Zach\Documents\Code\SpreadSheet\Help\Working\Output\Website\icons\privfield.gif
C:\Program Files (x86)\EWSoftware\Sandcastle Help File Builder\PresentationStyles\VS2013\icons\privinterface.gif -&gt; C:\Users\Zach\Documents\Code\SpreadSheet\Help\Working\Output\Website\icons\privinterface.gif
C:\Program Files (x86)\EWSoftware\Sandcastle Help File Builder\PresentationStyles\VS2013\icons\privmethod.gif -&gt; C:\Users\Zach\Documents\Code\SpreadSheet\Help\Working\Output\Website\icons\privmethod.gif
C:\Program Files (x86)\EWSoftware\Sandcastle Help File Builder\PresentationStyles\VS2013\icons\privproperty.gif -&gt; C:\Users\Zach\Documents\Code\SpreadSheet\Help\Working\Output\Website\icons\privproperty.gif
C:\Program Files (x86)\EWSoftware\Sandcastle Help File Builder\PresentationStyles\VS2013\icons\privstructure.gif -&gt; C:\Users\Zach\Documents\Code\SpreadSheet\Help\Working\Output\Website\icons\privstructure.gif
C:\Program Files (x86)\EWSoftware\Sandcastle Help File Builder\PresentationStyles\VS2013\icons\protclass.gif -&gt; C:\Users\Zach\Documents\Code\SpreadSheet\Help\Working\Output\Website\icons\protclass.gif
C:\Program Files (x86)\EWSoftware\Sandcastle Help File Builder\PresentationStyles\VS2013\icons\protdelegate.gif -&gt; C:\Users\Zach\Documents\Code\SpreadSheet\Help\Working\Output\Website\icons\protdelegate.gif
C:\Program Files (x86)\EWSoftware\Sandcastle Help File Builder\PresentationStyles\VS2013\icons\protenumeration.gif -&gt; C:\Users\Zach\Documents\Code\SpreadSheet\Help\Working\Output\Website\icons\protenumeration.gif
C:\Program Files (x86)\EWSoftware\Sandcastle Help File Builder\PresentationStyles\VS2013\icons\protevent.gif -&gt; C:\Users\Zach\Documents\Code\SpreadSheet\Help\Working\Output\Website\icons\protevent.gif
C:\Program Files (x86)\EWSoftware\Sandcastle Help File Builder\PresentationStyles\VS2013\icons\protextension.gif -&gt; C:\Users\Zach\Documents\Code\SpreadSheet\Help\Working\Output\Website\icons\protextension.gif
C:\Program Files (x86)\EWSoftware\Sandcastle Help File Builder\PresentationStyles\VS2013\icons\protfield.gif -&gt; C:\Users\Zach\Documents\Code\SpreadSheet\Help\Working\Output\Website\icons\protfield.gif
C:\Program Files (x86)\EWSoftware\Sandcastle Help File Builder\PresentationStyles\VS2013\icons\protinterface.gif -&gt; C:\Users\Zach\Documents\Code\SpreadSheet\Help\Working\Output\Website\icons\protinterface.gif
C:\Program Files (x86)\EWSoftware\Sandcastle Help File Builder\PresentationStyles\VS2013\icons\protmethod.gif -&gt; C:\Users\Zach\Documents\Code\SpreadSheet\Help\Working\Output\Website\icons\protmethod.gif
C:\Program Files (x86)\EWSoftware\Sandcastle Help File Builder\PresentationStyles\VS2013\icons\protoperator.gif -&gt; C:\Users\Zach\Documents\Code\SpreadSheet\Help\Working\Output\Website\icons\protoperator.gif
C:\Program Files (x86)\EWSoftware\Sandcastle Help File Builder\PresentationStyles\VS2013\icons\protproperty.gif -&gt; C:\Users\Zach\Documents\Code\SpreadSheet\Help\Working\Output\Website\icons\protproperty.gif
C:\Program Files (x86)\EWSoftware\Sandcastle Help File Builder\PresentationStyles\VS2013\icons\protstructure.gif -&gt; C:\Users\Zach\Documents\Code\SpreadSheet\Help\Working\Output\Website\icons\protstructure.gif
C:\Program Files (x86)\EWSoftware\Sandcastle Help File Builder\PresentationStyles\VS2013\icons\pubclass.gif -&gt; C:\Users\Zach\Documents\Code\SpreadSheet\Help\Working\Output\Website\icons\pubclass.gif
C:\Program Files (x86)\EWSoftware\Sandcastle Help File Builder\PresentationStyles\VS2013\icons\pubdelegate.gif -&gt; C:\Users\Zach\Documents\Code\SpreadSheet\Help\Working\Output\Website\icons\pubdelegate.gif
C:\Program Files (x86)\EWSoftware\Sandcastle Help File Builder\PresentationStyles\VS2013\icons\pubenumeration.gif -&gt; C:\Users\Zach\Documents\Code\SpreadSheet\Help\Working\Output\Website\icons\pubenumeration.gif
C:\Program Files (x86)\EWSoftware\Sandcastle Help File Builder\PresentationStyles\VS2013\icons\pubevent.gif -&gt; C:\Users\Zach\Documents\Code\SpreadSheet\Help\Working\Output\Website\icons\pubevent.gif
C:\Program Files (x86)\EWSoftware\Sandcastle Help File Builder\PresentationStyles\VS2013\icons\pubextension.gif -&gt; C:\Users\Zach\Documents\Code\SpreadSheet\Help\Working\Output\Website\icons\pubextension.gif
C:\Program Files (x86)\EWSoftware\Sandcastle Help File Builder\PresentationStyles\VS2013\icons\pubfield.gif -&gt; C:\Users\Zach\Documents\Code\SpreadSheet\Help\Working\Output\Website\icons\pubfield.gif
C:\Program Files (x86)\EWSoftware\Sandcastle Help File Builder\PresentationStyles\VS2013\icons\pubinterface.gif -&gt; C:\Users\Zach\Documents\Code\SpreadSheet\Help\Working\Output\Website\icons\pubinterface.gif
C:\Program Files (x86)\EWSoftware\Sandcastle Help File Builder\PresentationStyles\VS2013\icons\pubmethod.gif -&gt; C:\Users\Zach\Documents\Code\SpreadSheet\Help\Working\Output\Website\icons\pubmethod.gif
C:\Program Files (x86)\EWSoftware\Sandcastle Help File Builder\PresentationStyles\VS2013\icons\puboperator.gif -&gt; C:\Users\Zach\Documents\Code\SpreadSheet\Help\Working\Output\Website\icons\puboperator.gif
C:\Program Files (x86)\EWSoftware\Sandcastle Help File Builder\PresentationStyles\VS2013\icons\pubproperty.gif -&gt; C:\Users\Zach\Documents\Code\SpreadSheet\Help\Working\Output\Website\icons\pubproperty.gif
C:\Program Files (x86)\EWSoftware\Sandcastle Help File Builder\PresentationStyles\VS2013\icons\pubstructure.gif -&gt; C:\Users\Zach\Documents\Code\SpreadSheet\Help\Working\Output\Website\icons\pubstructure.gif
C:\Program Files (x86)\EWSoftware\Sandcastle Help File Builder\PresentationStyles\VS2013\icons\SectionCollapsed.png -&gt; C:\Users\Zach\Documents\Code\SpreadSheet\Help\Working\Output\Website\icons\SectionCollapsed.png
C:\Program Files (x86)\EWSoftware\Sandcastle Help File Builder\PresentationStyles\VS2013\icons\SectionExpanded.png -&gt; C:\Users\Zach\Documents\Code\SpreadSheet\Help\Working\Output\Website\icons\SectionExpanded.png
C:\Program Files (x86)\EWSoftware\Sandcastle Help File Builder\PresentationStyles\VS2013\icons\slMobile.gif -&gt; C:\Users\Zach\Documents\Code\SpreadSheet\Help\Working\Output\Website\icons\slMobile.gif
C:\Program Files (x86)\EWSoftware\Sandcastle Help File Builder\PresentationStyles\VS2013\icons\static.gif -&gt; C:\Users\Zach\Documents\Code\SpreadSheet\Help\Working\Output\Website\icons\static.gif
C:\Program Files (x86)\EWSoftware\Sandcastle Help File Builder\PresentationStyles\VS2013\icons\xna.gif -&gt; C:\Users\Zach\Documents\Code\SpreadSheet\Help\Working\Output\Website\icons\xna.gif
C:\Program Files (x86)\EWSoftware\Sandcastle Help File Builder\PresentationStyles\VS2013\scripts\branding.js -&gt; C:\Users\Zach\Documents\Code\SpreadSheet\Help\Working\Output\Website\scripts\branding.js
C:\Program Files (x86)\EWSoftware\Sandcastle Help File Builder\PresentationStyles\VS2013\styles\branding-cs-CZ.css -&gt; C:\Users\Zach\Documents\Code\SpreadSheet\Help\Working\Output\Website\styles\branding-cs-CZ.css
C:\Program Files (x86)\EWSoftware\Sandcastle Help File Builder\PresentationStyles\VS2013\styles\branding-de-DE.css -&gt; C:\Users\Zach\Documents\Code\SpreadSheet\Help\Working\Output\Website\styles\branding-de-DE.css
C:\Program Files (x86)\EWSoftware\Sandcastle Help File Builder\PresentationStyles\VS2013\styles\branding-en-US.css -&gt; C:\Users\Zach\Documents\Code\SpreadSheet\Help\Working\Output\Website\styles\branding-en-US.css
C:\Program Files (x86)\EWSoftware\Sandcastle Help File Builder\PresentationStyles\VS2013\styles\branding-es-ES.css -&gt; C:\Users\Zach\Documents\Code\SpreadSheet\Help\Working\Output\Website\styles\branding-es-ES.css
C:\Program Files (x86)\EWSoftware\Sandcastle Help File Builder\PresentationStyles\VS2013\styles\branding-fr-FR.css -&gt; C:\Users\Zach\Documents\Code\SpreadSheet\Help\Working\Output\Website\styles\branding-fr-FR.css
C:\Program Files (x86)\EWSoftware\Sandcastle Help File Builder\PresentationStyles\VS2013\styles\branding-Help1.css -&gt; C:\Users\Zach\Documents\Code\SpreadSheet\Help\Working\Output\Website\styles\branding-Help1.css
C:\Program Files (x86)\EWSoftware\Sandcastle Help File Builder\PresentationStyles\VS2013\styles\branding-Help2.css -&gt; C:\Users\Zach\Documents\Code\SpreadSheet\Help\Working\Output\Website\styles\branding-Help2.css
C:\Program Files (x86)\EWSoftware\Sandcastle Help File Builder\PresentationStyles\VS2013\styles\branding-HelpViewer.css -&gt; C:\Users\Zach\Documents\Code\SpreadSheet\Help\Working\Output\Website\styles\branding-HelpViewer.css
C:\Program Files (x86)\EWSoftware\Sandcastle Help File Builder\PresentationStyles\VS2013\styles\branding-it-IT.css -&gt; C:\Users\Zach\Documents\Code\SpreadSheet\Help\Working\Output\Website\styles\branding-it-IT.css
C:\Program Files (x86)\EWSoftware\Sandcastle Help File Builder\PresentationStyles\VS2013\styles\branding-ja-JP.css -&gt; C:\Users\Zach\Documents\Code\SpreadSheet\Help\Working\Output\Website\styles\branding-ja-JP.css
C:\Program Files (x86)\EWSoftware\Sandcastle Help File Builder\PresentationStyles\VS2013\styles\branding-ko-KR.css -&gt; C:\Users\Zach\Documents\Code\SpreadSheet\Help\Working\Output\Website\styles\branding-ko-KR.css
C:\Program Files (x86)\EWSoftware\Sandcastle Help File Builder\PresentationStyles\VS2013\styles\branding-pl-PL.css -&gt; C:\Users\Zach\Documents\Code\SpreadSheet\Help\Working\Output\Website\styles\branding-pl-PL.css
C:\Program Files (x86)\EWSoftware\Sandcastle Help File Builder\PresentationStyles\VS2013\styles\branding-pt-BR.css -&gt; C:\Users\Zach\Documents\Code\SpreadSheet\Help\Working\Output\Website\styles\branding-pt-BR.css
C:\Program Files (x86)\EWSoftware\Sandcastle Help File Builder\PresentationStyles\VS2013\styles\branding-ru-RU.css -&gt; C:\Users\Zach\Documents\Code\SpreadSheet\Help\Working\Output\Website\styles\branding-ru-RU.css
C:\Program Files (x86)\EWSoftware\Sandcastle Help File Builder\PresentationStyles\VS2013\styles\branding-tr-TR.css -&gt; C:\Users\Zach\Documents\Code\SpreadSheet\Help\Working\Output\Website\styles\branding-tr-TR.css
C:\Program Files (x86)\EWSoftware\Sandcastle Help File Builder\PresentationStyles\VS2013\styles\branding-Website.css -&gt; C:\Users\Zach\Documents\Code\SpreadSheet\Help\Working\Output\Website\styles\branding-Website.css
C:\Program Files (x86)\EWSoftware\Sandcastle Help File Builder\PresentationStyles\VS2013\styles\branding-zh-CN.css -&gt; C:\Users\Zach\Documents\Code\SpreadSheet\Help\Working\Output\Website\styles\branding-zh-CN.css
C:\Program Files (x86)\EWSoftware\Sandcastle Help File Builder\PresentationStyles\VS2013\styles\branding-zh-TW.css -&gt; C:\Users\Zach\Documents\Code\SpreadSheet\Help\Working\Output\Website\styles\branding-zh-TW.css
C:\Program Files (x86)\EWSoftware\Sandcastle Help File Builder\PresentationStyles\VS2013\styles\branding.css -&gt; C:\Users\Zach\Documents\Code\SpreadSheet\Help\Working\Output\Website\styles\branding.css
C:\Program Files (x86)\EWSoftware\Sandcastle Help File Builder\PresentationStyles\VS2013\Web\index.html -&gt; C:\Users\Zach\Documents\Code\SpreadSheet\Help\Working\Output\Website\index.html
C:\Program Files (x86)\EWSoftware\Sandcastle Help File Builder\PresentationStyles\VS2013\Web\search.html -&gt; C:\Users\Zach\Documents\Code\SpreadSheet\Help\Working\Output\Website\search.html
C:\Program Files (x86)\EWSoftware\Sandcastle Help File Builder\PresentationStyles\VS2013\Web\SearchHelp.aspx -&gt; C:\Users\Zach\Documents\Code\SpreadSheet\Help\Working\Output\Website\SearchHelp.aspx
C:\Program Files (x86)\EWSoftware\Sandcastle Help File Builder\PresentationStyles\VS2013\Web\SearchHelp.inc.php -&gt; C:\Users\Zach\Documents\Code\SpreadSheet\Help\Working\Output\Website\SearchHelp.inc.php
C:\Program Files (x86)\EWSoftware\Sandcastle Help File Builder\PresentationStyles\VS2013\Web\SearchHelp.php -&gt; C:\Users\Zach\Documents\Code\SpreadSheet\Help\Working\Output\Website\SearchHelp.php
C:\Program Files (x86)\EWSoftware\Sandcastle Help File Builder\PresentationStyles\VS2013\Web\Web.Config -&gt; C:\Users\Zach\Documents\Code\SpreadSheet\Help\Working\Output\Website\Web.Config
C:\Program Files (x86)\EWSoftware\Sandcastle Help File Builder\PresentationStyles\VS2013\Web\icons\Search.png -&gt; C:\Users\Zach\Documents\Code\SpreadSheet\Help\Working\Output\Website\icons\Search.png
C:\Program Files (x86)\EWSoftware\Sandcastle Help File Builder\PresentationStyles\VS2013\Web\icons\TocClose.gif -&gt; C:\Users\Zach\Documents\Code\SpreadSheet\Help\Working\Output\Website\icons\TocClose.gif
C:\Program Files (x86)\EWSoftware\Sandcastle Help File Builder\PresentationStyles\VS2013\Web\icons\TocCollapsed.gif -&gt; C:\Users\Zach\Documents\Code\SpreadSheet\Help\Working\Output\Website\icons\TocCollapsed.gif
C:\Program Files (x86)\EWSoftware\Sandcastle Help File Builder\PresentationStyles\VS2013\Web\icons\TocExpanded.gif -&gt; C:\Users\Zach\Documents\Code\SpreadSheet\Help\Working\Output\Website\icons\TocExpanded.gif
C:\Program Files (x86)\EWSoftware\Sandcastle Help File Builder\PresentationStyles\VS2013\Web\icons\TocOpen.gif -&gt; C:\Users\Zach\Documents\Code\SpreadSheet\Help\Working\Output\Website\icons\TocOpen.gif
C:\Program Files (x86)\EWSoftware\Sandcastle Help File Builder\PresentationStyles\VS2013\Web\scripts\branding-Website.js -&gt; C:\Users\Zach\Documents\Code\SpreadSheet\Help\Working\Output\Website\scripts\branding-Website.js
C:\Program Files (x86)\EWSoftware\Sandcastle Help File Builder\PresentationStyles\VS2013\Web\scripts\jquery-1.11.0.min.js -&gt; C:\Users\Zach\Documents\Code\SpreadSheet\Help\Working\Output\Website\scripts\jquery-1.11.0.min.js
    Last step completed in 00:00:00.3072
</buildStep>
<buildStep step="GenerateHelpFormatTableOfContents">
Generating website table of contents file...
    Last step completed in 00:00:00.0020
</buildStep>
<buildStep step="GenerateFullTextIndex">
Generating full-text index for the website...

<plugIn name="Lightweight Website Style" behavior="After" priority="1000">
Adding lightweight search and TOC elements to each topic...
</plugIn>    Last step completed in 00:00:00.8464
</buildStep>
<buildStep step="CopyingWebsiteFiles">
Copying website files to output folder...

Copied 100 files
Copied 200 files
Copied 261 files for the website content
    Last step completed in 00:00:00.4396
</buildStep>
<buildStep step="CleanIntermediates">
Removing intermediate files...
    Last step completed in 00:00:00.1588
</buildStep>
<buildStep step="Completed">

Build completed successfully at 3/24/2015 4:48:33 PM.  Total time: 00:00:14.2553

</buildStep>
</shfbBuild>
